[debug] [2024-10-24T11:13:11.972Z] : 
[debug] [2024-10-24T11:13:11.975Z] : ----------------------------------------------------------------------
[debug] [2024-10-24T11:13:11.975Z] : Command:      C:\Program Files\nodejs\node.exe C:\Users\91950\AppData\Roaming\npm\node_modules\zcatalyst-cli\lib\bin\catalyst.js serve
[debug] [2024-10-24T11:13:11.975Z] : CLI Version:  1.17.6
[debug] [2024-10-24T11:13:11.976Z] : Platform:     win32
[debug] [2024-10-24T11:13:11.976Z] : Node Version: v20.14.0
[debug] [2024-10-24T11:13:11.977Z] : Time:         Thu Oct 24 2024 16:43:11 GMT+0530 (India Standard Time)
[debug] [2024-10-24T11:13:11.977Z] : ----------------------------------------------------------------------
[debug] [2024-10-24T11:13:11.977Z] : 
[debug] [2024-10-24T11:13:13.520Z] : > authorizing via signed-in user option
[debug] [2024-10-24T11:13:13.521Z] : > command requires scopes: ["ZohoCatalyst.projects.ALL","ZohoCatalyst.functions.ALL","ZohoCatalyst.functions.EXECUTE","ZohoCatalyst.webapp.ALL","ZohoCatalyst.pdfshot.execute","ZohoCatalyst.authentication.CREATE"]
[debug] [2024-10-24T11:13:13.545Z] : >>>> HTTP REQUEST : GET https://api.catalyst.zoho.com/baas/v1/project/15205000000147040 

[debug] [2024-10-24T11:13:14.816Z] : <<<< HTTP RESPONSE : 200
Response Headers: {"server":"ZGS","date":"Thu, 24 Oct 2024 11:13:14 GMT","content-type":"application/vnd.catalyst.v2+json","transfer-encoding":"chunked","connection":"keep-alive","set-cookie":["zalb_46512fd555=b14009a6059feb83ee8aa1c715a015c5; Path=/; Secure; HttpOnly","ZD_CSRF_TOKEN=3ee82260-18ad-4a1d-88d4-bcd4ecb51e93;path=/;SameSite=None;Secure;priority=high","_zcsr_tmp=3ee82260-18ad-4a1d-88d4-bcd4ecb51e93;path=/;SameSite=Strict;Secure;priority=high"],"x-content-type-options":"nosniff","x-xss-protection":"1","cache-control":"private,no-cache,no-store,max-age=0,must-revalidate","pragma":"no-cache","expires":"Thu, 01 Jan 1970 00:00:00 GMT","x-frame-options":"DENY","strict-transport-security":"max-age=63072000"}

[debug] [2024-10-24T11:13:14.823Z] : >>>> HTTP REQUEST : GET https://api.catalyst.zoho.com/baas/v1/project/15205000000147040/environment 

[debug] [2024-10-24T11:13:15.152Z] : <<<< HTTP RESPONSE : 200
Response Headers: {"server":"ZGS","date":"Thu, 24 Oct 2024 11:13:14 GMT","content-type":"application/vnd.catalyst.v2+json","transfer-encoding":"chunked","connection":"keep-alive","set-cookie":["zalb_46512fd555=b14009a6059feb83ee8aa1c715a015c5; Path=/; Secure; HttpOnly","ZD_CSRF_TOKEN=e45a18a8-9d2f-4a85-a0de-c79d33ad3d7d;path=/;SameSite=None;Secure;priority=high","_zcsr_tmp=e45a18a8-9d2f-4a85-a0de-c79d33ad3d7d;path=/;SameSite=Strict;Secure;priority=high"],"x-content-type-options":"nosniff","x-xss-protection":"1","cache-control":"private,no-cache,no-store,max-age=0,must-revalidate","pragma":"no-cache","expires":"Thu, 01 Jan 1970 00:00:00 GMT","x-frame-options":"DENY","strict-transport-security":"max-age=63072000"}

[debug] [2024-10-24T11:13:15.654Z] : >>>> HTTP REQUEST : GET https://api.catalyst.zoho.com/baas/v1/project/15205000000147040/function 
Query params: {"type":"basicio,event,cron,applogic,integration,browser_logic"}

[debug] [2024-10-24T11:13:16.158Z] : <<<< HTTP RESPONSE : 200
Response Headers: {"server":"ZGS","date":"Thu, 24 Oct 2024 11:13:15 GMT","content-type":"application/vnd.catalyst.v2+json","transfer-encoding":"chunked","connection":"keep-alive","set-cookie":["zalb_46512fd555=c3d5ec374d3dc932973a3d50f55d8d00; Path=/; Secure; HttpOnly","ZD_CSRF_TOKEN=97615fdf-e9e7-46d6-869f-afd817c13947;path=/;SameSite=None;Secure;priority=high","_zcsr_tmp=97615fdf-e9e7-46d6-869f-afd817c13947;path=/;SameSite=Strict;Secure;priority=high"],"x-content-type-options":"nosniff","x-xss-protection":"1","cache-control":"private,no-cache,no-store,max-age=0,must-revalidate","pragma":"no-cache","expires":"Thu, 01 Jan 1970 00:00:00 GMT","x-frame-options":"DENY","strict-transport-security":"max-age=63072000"}

[debug] [2024-10-24T11:13:16.162Z] : unknown eol undefined hence skipping check
[debug] [2024-10-24T11:13:16.163Z] : unknown eol undefined hence skipping check
[debug] [2024-10-24T11:13:16.163Z] : unknown eol undefined hence skipping check
[warn] [2024-10-24T11:13:18.535Z] : ‼ skipping serve of function [cron] since invalid function type. Only basicio,advancedio,browser_logic are supported.
[info] [2024-10-24T11:13:22.222Z] : [react-plugin]: Starting the development server...

[info] [2024-10-24T11:13:22.225Z] : 
[info] [2024-10-24T11:13:22.226Z] : i Client[react-app]: Plugin : "zcatalyst-cli-plugin-react" is used for client serve
[info] [2024-10-24T11:13:22.226Z] : 
[info] [2024-10-24T11:13:24.754Z] : 
[info] [2024-10-24T11:13:24.755Z] :  >>>>>>>>>>>>>> BasicIO <<<<<<<<<<<<<< 
[info] [2024-10-24T11:13:24.757Z] : i authbasicio: http://localhost:3000/server/authbasicio/execute
[info] [2024-10-24T11:13:24.758Z] : 
[info] [2024-10-24T11:13:24.758Z] : 
[info] [2024-10-24T11:13:24.759Z] :  >>>>>>>>>>>>> AdvancedIO <<<<<<<<<<<< 
[info] [2024-10-24T11:13:24.760Z] : i waterheater_1_function: http://localhost:3000/server/waterheater_1_function/
[info] [2024-10-24T11:13:24.761Z] : 
[info] [2024-10-24T11:13:24.761Z] : 
[info] [2024-10-24T11:13:24.762Z] :  >>>>>>>>>>>>> Web Client <<<<<<<<<<<<
[info] [2024-10-24T11:13:24.762Z] : i client[react-app]: http://localhost:3000/app/
[info] [2024-10-24T11:13:24.763Z] : 
[info] [2024-10-24T11:13:35.272Z] : [react-plugin]: Compiled successfully!
[info] [2024-10-24T11:13:35.273Z] : [react-plugin]: 
[info] [2024-10-24T11:13:35.273Z] : [react-plugin]: You can now view react-app in the browser.
[info] [2024-10-24T11:13:35.273Z] : [react-plugin]: 
[info] [2024-10-24T11:13:35.273Z] : [react-plugin]:   Local:            http://localhost:3000/app/
[info] [2024-10-24T11:13:35.273Z] : [react-plugin]:   On Your Network:  http://192.168.31.148:3000/app/
[info] [2024-10-24T11:13:35.274Z] : [react-plugin]: 
[info] [2024-10-24T11:13:35.274Z] : [react-plugin]: Note that the development build is not optimized.
[info] [2024-10-24T11:13:35.274Z] : [react-plugin]: To create a production build, use npm run build.
[info] [2024-10-24T11:13:35.274Z] : [react-plugin]: 
[info] [2024-10-24T11:14:33.622Z] : Shutting down server
[info] [2024-10-24T11:14:34.004Z] : 
[info] [2024-10-24T11:14:34.006Z] : √ Shutdown complete
[debug] [2024-10-24T11:14:34.007Z] : NO ERRORS REGISTERED
[debug] [2024-10-24T11:14:34.007Z] : EXEC ENDED with event: serve, message: success
[debug] [2024-10-24T11:14:34.007Z] : TOTAL DURATION OF COMMAND EXEC : 80515
[debug] [2024-10-24T11:14:34.049Z] : >>>> HTTP REQUEST : POST https://api.catalyst.zoho.com/baas/v1/cli/logs 
<request body omitted>

[debug] [2024-10-24T11:14:37.074Z] : <<<< HTTP RESPONSE : 400
Response Headers: {"server":"ZGS","date":"Thu, 24 Oct 2024 11:14:36 GMT","content-type":"application/json;charset=ISO-8859-1","content-length":"147","connection":"keep-alive","set-cookie":["zalb_46512fd555=b14009a6059feb83ee8aa1c715a015c5; Path=/; Secure; HttpOnly","ZD_CSRF_TOKEN=7c761f9a-97ec-4307-b6f8-59fd968e42ec;path=/;SameSite=None;Secure;priority=high","_zcsr_tmp=7c761f9a-97ec-4307-b6f8-59fd968e42ec;path=/;SameSite=Strict;Secure;priority=high","JSESSIONID=0940FB2F2A92160064B0503E214332BC; Path=/; Secure; HttpOnly"],"x-content-type-options":"nosniff","x-xss-protection":"1","x-frame-options":"DENY","strict-transport-security":"max-age=63072000"}

[debug] [2024-10-24T11:14:37.075Z] : Response Body : {"status":"failure","data":{"error_code":"INPUT_SIZE_MORE_THAN_ALLOWED","message":"Please check if the size of the input is in the correct range"}}

[debug] [2024-10-24T11:14:37.078Z] : Unable to send debug log to server: HTTP Error: 400, Please check if the size of the input is in the correct range
